# JRE version: Java(TM) SE Runtime Environment (11.0.2+9) (build 11.0.2+9-LTS)
# Java VM: Java HotSpot(TM) 64-Bit Server VM (11.0.2+9-LTS, mixed mode, tiered, compressed oops, g1 gc, linux-amd64)
Heap:
 garbage-first heap   total 457728K, used 44525K [0x00000000a0000000, 0x0000000100000000)
  region size 1024K, 1 young (1024K), 1 survivors (1024K)
 Metaspace       used 60224K, capacity 61691K, committed 61952K, reserved 1103872K
  class space    used 7698K, capacity 8151K, committed 8192K, reserved 1048576K
GC Heap History (10 events):
Event: 32.426 GC heap after
{Heap after GC invocations=12 (full 0):
 garbage-first heap   total 152576K, used 40135K [0x00000000a0000000, 0x0000000100000000)
  region size 1024K, 5 young (5120K), 5 survivors (5120K)
 Metaspace       used 53117K, capacity 54203K, committed 54784K, reserved 1097728K
  class space    used 6723K, capacity 7076K, committed 7168K, reserved 1048576K
}
Event: 86.388 GC heap before
{Heap before GC invocations=12 (full 0):
 garbage-first heap   total 152576K, used 96455K [0x00000000a0000000, 0x0000000100000000)
  region size 1024K, 61 young (62464K), 5 survivors (5120K)
 Metaspace       used 58344K, capacity 59715K, committed 59904K, reserved 1101824K
  class space    used 7414K, capacity 7835K, committed 7936K, reserved 1048576K
}
Event: 98.516 GC heap after
{Heap after GC invocations=13 (full 0):
 garbage-first heap   total 152576K, used 44177K [0x00000000a0000000, 0x0000000100000000)
  region size 1024K, 9 young (9216K), 9 survivors (9216K)
 Metaspace       used 58344K, capacity 59715K, committed 59904K, reserved 1101824K
  class space    used 7414K, capacity 7835K, committed 7936K, reserved 1048576K
}
Event: 104.270 GC heap before
{Heap before GC invocations=14 (full 0):
 garbage-first heap   total 152576K, used 45201K [0x00000000a0000000, 0x0000000100000000)
  region size 1024K, 10 young (10240K), 9 survivors (9216K)
 Metaspace       used 58374K, capacity 59776K, committed 60160K, reserved 1101824K
  class space    used 7423K, capacity 7834K, committed 7936K, reserved 1048576K
}
Event: 104.545 GC heap after
{Heap after GC invocations=15 (full 0):
 garbage-first heap   total 152576K, used 44836K [0x00000000a0000000, 0x0000000100000000)
  region size 1024K, 2 young (2048K), 2 survivors (2048K)
 Metaspace       used 58374K, capacity 59776K, committed 60160K, reserved 1101824K
  class space    used 7423K, capacity 7834K, committed 7936K, reserved 1048576K
}
Event: 116.025 GC heap before
{Heap before GC invocations=15 (full 0):
 garbage-first heap   total 152576K, used 48932K [0x00000000a0000000, 0x0000000100000000)
  region size 1024K, 7 young (7168K), 2 survivors (2048K)
 Metaspace       used 58850K, capacity 60230K, committed 60416K, reserved 1101824K
  class space    used 7488K, capacity 7899K, committed 7936K, reserved 1048576K
}
Event: 119.518 GC heap after
{Heap after GC invocations=16 (full 0):
 garbage-first heap   total 152576K, used 43815K [0x00000000a0000000, 0x0000000100000000)
  region size 1024K, 1 young (1024K), 1 survivors (1024K)
 Metaspace       used 58850K, capacity 60230K, committed 60416K, reserved 1101824K
  class space    used 7488K, capacity 7899K, committed 7936K, reserved 1048576K
}
Event: 169.435 GC heap before
{Heap before GC invocations=16 (full 0):
 garbage-first heap   total 152576K, used 49959K [0x00000000a0000000, 0x0000000100000000)
  region size 1024K, 7 young (7168K), 1 survivors (1024K)
 Metaspace       used 59727K, capacity 61129K, committed 61440K, reserved 1101824K
  class space    used 7631K, capacity 8071K, committed 8192K, reserved 1048576K
}
Event: 171.813 GC heap after
{Heap after GC invocations=17 (full 0):
 garbage-first heap   total 152576K, used 43925K [0x00000000a0000000, 0x0000000100000000)
  region size 1024K, 1 young (1024K), 1 survivors (1024K)
 Metaspace       used 59727K, capacity 61129K, committed 61440K, reserved 1101824K
  class space    used 7631K, capacity 8071K, committed 8192K, reserved 1048576K
}
Event: 182.656 GC heap before
{Heap before GC invocations=17 (full 0):
 garbage-first heap   total 152576K, used 50069K [0x00000000a0000000, 0x0000000100000000)
  region size 1024K, 7 young (7168K), 1 survivors (1024K)
 Metaspace       used 60224K, capacity 61691K, committed 61952K, reserved 1103872K
  class space    used 7698K, capacity 8151K, committed 8192K, reserved 1048576K
}

